<?xml version="1.0" encoding="UTF-8"?>
<!-- Generated by org.testng.reporters.JUnitReportReporter -->
<testsuite hostname="LAPTOP-D72R403P" failures="0" tests="3" name="Runner.CucumberRunnerTests" time="66.611" errors="0" timestamp="2023-03-17T16:50:55 IST" skipped="0">
  <testcase classname="Runner.CucumberRunnerTests" name="runScenario" time="20.023"/>
  <system-out/>
  <testcase classname="Runner.CucumberRunnerTests" name="runScenario" time="16.817"/>
  <system-out/>
  <testcase classname="Runner.CucumberRunnerTests" name="runScenario" time="29.771"/>
  <system-out/>
</testsuite> <!-- Runner.CucumberRunnerTests -->
